[debug] [2020-06-02T18:52:00.616Z] ----------------------------------------------------------------------
[debug] [2020-06-02T18:52:00.618Z] Command:       /usr/local/bin/node /usr/local/bin/firebase serve --only functions
[debug] [2020-06-02T18:52:00.618Z] CLI Version:   8.4.1
[debug] [2020-06-02T18:52:00.618Z] Platform:      linux
[debug] [2020-06-02T18:52:00.618Z] Node Version:  v13.9.0
[debug] [2020-06-02T18:52:00.618Z] Time:          Wed Jun 03 2020 00:22:00 GMT+0530 (India Standard Time)
[debug] [2020-06-02T18:52:00.619Z] ----------------------------------------------------------------------
[debug] [2020-06-02T18:52:00.619Z] 
[debug] [2020-06-02T18:52:00.626Z] > command requires scopes: ["email","openid","https://www.googleapis.com/auth/cloudplatformprojects.readonly","https://www.googleapis.com/auth/firebase","https://www.googleapis.com/auth/cloud-platform"]
[debug] [2020-06-02T18:52:00.626Z] > authorizing via signed-in user
[debug] [2020-06-02T18:52:00.626Z] [iam] checking project ng-complete1 for permissions ["firebase.projects.get"]
[debug] [2020-06-02T18:52:00.629Z] >>> HTTP REQUEST POST https://cloudresourcemanager.googleapis.com/v1/projects/ng-complete1:testIamPermissions  
 {"permissions":["firebase.projects.get"]}
[debug] [2020-06-02T18:52:02.163Z] <<< HTTP RESPONSE 200 {"content-type":"application/json; charset=UTF-8","vary":"X-Origin, Referer, Origin,Accept-Encoding","date":"Tue, 02 Jun 2020 18:52:02 GMT","server":"ESF","cache-control":"private","x-xss-protection":"0","x-frame-options":"SAMEORIGIN","x-content-type-options":"nosniff","server-timing":"gfet4t7; dur=1331","alt-svc":"h3-27=\":443\"; ma=2592000,h3-25=\":443\"; ma=2592000,h3-T050=\":443\"; ma=2592000,h3-Q050=\":443\"; ma=2592000,h3-Q049=\":443\"; ma=2592000,h3-Q048=\":443\"; ma=2592000,h3-Q046=\":443\"; ma=2592000,h3-Q043=\":443\"; ma=2592000,quic=\":443\"; ma=2592000; v=\"46,43\"","accept-ranges":"none","transfer-encoding":"chunked"}
[debug] [2020-06-02T18:52:02.168Z] >>> HTTP REQUEST GET https://firebase.googleapis.com/v1beta1/projects/ng-complete1  
 
[debug] [2020-06-02T18:52:02.863Z] <<< HTTP RESPONSE 200 {"content-type":"application/json; charset=UTF-8","vary":"X-Origin, Referer, Origin,Accept-Encoding","date":"Tue, 02 Jun 2020 18:52:02 GMT","server":"ESF","cache-control":"private","x-xss-protection":"0","x-frame-options":"SAMEORIGIN","x-content-type-options":"nosniff","alt-svc":"h3-27=\":443\"; ma=2592000,h3-25=\":443\"; ma=2592000,h3-T050=\":443\"; ma=2592000,h3-Q050=\":443\"; ma=2592000,h3-Q049=\":443\"; ma=2592000,h3-Q048=\":443\"; ma=2592000,h3-Q046=\":443\"; ma=2592000,h3-Q043=\":443\"; ma=2592000,quic=\":443\"; ma=2592000; v=\"46,43\"","accept-ranges":"none","transfer-encoding":"chunked"}
[warn] ⚠  Your functions directory does not specify a Node version.
   - Learn more at https://firebase.google.com/docs/functions/manage-functions#set_runtime_options {"metadata":{"emulator":{"name":"functions"},"message":"Your functions directory does not specify a Node version.\n   - Learn more at https://firebase.google.com/docs/functions/manage-functions#set_runtime_options"}}
[info] i  functions: Watching "/home/shivam97/nodeProjects/biobrix/bioc/functions" for Cloud Functions... {"metadata":{"emulator":{"name":"functions"},"message":"Watching \"/home/shivam97/nodeProjects/biobrix/bioc/functions\" for Cloud Functions..."}}
[debug] [2020-06-02T18:52:02.913Z] [worker-pool] addWorker(~diagnostic~) {"metadata":{"emulator":{"name":"functions"},"message":"[worker-pool] addWorker(~diagnostic~)"}}
[debug] [2020-06-02T18:52:02.913Z] [worker-pool] Adding worker with key ~diagnostic~, total=1 {"metadata":{"emulator":{"name":"functions"},"message":"[worker-pool] Adding worker with key ~diagnostic~, total=1"}}
[debug] [2020-06-02T18:52:02.913Z] [worker-pool] submitWork(triggerId=) {"metadata":{"emulator":{"name":"functions"},"message":"[worker-pool] submitWork(triggerId=)"}}
[debug] [2020-06-02T18:52:02.914Z] [worker-~diagnostic~-6712bf3b-1f7b-495e-89b1-990b2c313111]: Assigning socketPath: /tmp/fire_emu_26459.sock {"metadata":{"emulator":{"name":"functions"},"message":"[worker-~diagnostic~-6712bf3b-1f7b-495e-89b1-990b2c313111]: Assigning socketPath: /tmp/fire_emu_26459.sock"}}
[debug] [2020-06-02T18:52:02.915Z] [worker-~diagnostic~-6712bf3b-1f7b-495e-89b1-990b2c313111]: BUSY {"metadata":{"emulator":{"name":"functions"},"message":"[worker-~diagnostic~-6712bf3b-1f7b-495e-89b1-990b2c313111]: BUSY"}}
[debug] [2020-06-02T18:52:03.185Z] [runtime-status] [26459] Functions runtime initialized. {"cwd":"/home/shivam97/nodeProjects/biobrix/bioc/functions","node_version":"13.9.0"} {"metadata":{"emulator":{"name":"functions"},"message":"[runtime-status] [26459] Functions runtime initialized. {\"cwd\":\"/home/shivam97/nodeProjects/biobrix/bioc/functions\",\"node_version\":\"13.9.0\"}"}}
[debug] [2020-06-02T18:52:03.193Z] [runtime-status] [26459] Disabled runtime features: undefined {"metadata":{"emulator":{"name":"functions"},"message":"[runtime-status] [26459] Disabled runtime features: undefined"}}
[debug] [2020-06-02T18:52:03.193Z] [runtime-status] [26459] Resolved module firebase-admin {"declared":true,"installed":true,"version":"8.12.1","resolution":"/home/shivam97/nodeProjects/biobrix/bioc/functions/node_modules/firebase-admin/lib/index.js"} {"metadata":{"emulator":{"name":"functions"},"message":"[runtime-status] [26459] Resolved module firebase-admin {\"declared\":true,\"installed\":true,\"version\":\"8.12.1\",\"resolution\":\"/home/shivam97/nodeProjects/biobrix/bioc/functions/node_modules/firebase-admin/lib/index.js\"}"}}
[debug] [2020-06-02T18:52:03.193Z] [runtime-status] [26459] Resolved module firebase-functions {"declared":true,"installed":true,"version":"3.6.2","resolution":"/home/shivam97/nodeProjects/biobrix/bioc/functions/node_modules/firebase-functions/lib/index.js"} {"metadata":{"emulator":{"name":"functions"},"message":"[runtime-status] [26459] Resolved module firebase-functions {\"declared\":true,\"installed\":true,\"version\":\"3.6.2\",\"resolution\":\"/home/shivam97/nodeProjects/biobrix/bioc/functions/node_modules/firebase-functions/lib/index.js\"}"}}
[debug] [2020-06-02T18:52:03.193Z] [runtime-status] [26459] Found local functions config: /home/shivam97/nodeProjects/biobrix/bioc/functions/.runtimeconfig.json {"metadata":{"emulator":{"name":"functions"},"message":"[runtime-status] [26459] Found local functions config: /home/shivam97/nodeProjects/biobrix/bioc/functions/.runtimeconfig.json"}}
[debug] [2020-06-02T18:52:03.196Z] [runtime-status] [26459] Outgoing network have been stubbed. [{"name":"http","status":"mocked"},{"name":"http","status":"mocked"},{"name":"https","status":"mocked"},{"name":"https","status":"mocked"},{"name":"net","status":"mocked"}] {"metadata":{"emulator":{"name":"functions"},"message":"[runtime-status] [26459] Outgoing network have been stubbed. [{\"name\":\"http\",\"status\":\"mocked\"},{\"name\":\"http\",\"status\":\"mocked\"},{\"name\":\"https\",\"status\":\"mocked\"},{\"name\":\"https\",\"status\":\"mocked\"},{\"name\":\"net\",\"status\":\"mocked\"}]"}}
[debug] [2020-06-02T18:52:03.198Z] [runtime-status] [26459] Resolved module firebase-functions {"declared":true,"installed":true,"version":"3.6.2","resolution":"/home/shivam97/nodeProjects/biobrix/bioc/functions/node_modules/firebase-functions/lib/index.js"} {"metadata":{"emulator":{"name":"functions"},"message":"[runtime-status] [26459] Resolved module firebase-functions {\"declared\":true,\"installed\":true,\"version\":\"3.6.2\",\"resolution\":\"/home/shivam97/nodeProjects/biobrix/bioc/functions/node_modules/firebase-functions/lib/index.js\"}"}}
[debug] [2020-06-02T18:52:03.228Z] [runtime-status] [26459] Checked functions.config() {"config":{"biobrix":{"paytm_merchant_id":"GpfBCX42323873899427","twilio_service_id":"VA149f5b0c6ad2660ec1f44e255bbb1948","paytm_merchant_key":"HFfseLgiqJf7ZLvB","mongodb_url":"mongodb://127.0.0.1:27017/biobrix-test","twilio_account_sid":"AC484d9c6b26a7da5e3c255f8b2b841aaf","twilio_auth_token":"4946d866bf498c2f5e3fd6ae26ab27c8"}}} {"metadata":{"emulator":{"name":"functions"},"message":"[runtime-status] [26459] Checked functions.config() {\"config\":{\"biobrix\":{\"paytm_merchant_id\":\"GpfBCX42323873899427\",\"twilio_service_id\":\"VA149f5b0c6ad2660ec1f44e255bbb1948\",\"paytm_merchant_key\":\"HFfseLgiqJf7ZLvB\",\"mongodb_url\":\"mongodb://127.0.0.1:27017/biobrix-test\",\"twilio_account_sid\":\"AC484d9c6b26a7da5e3c255f8b2b841aaf\",\"twilio_auth_token\":\"4946d866bf498c2f5e3fd6ae26ab27c8\"}}}"}}
[debug] [2020-06-02T18:52:03.229Z] [runtime-status] [26459] firebase-functions has been stubbed. {"functionsResolution":{"declared":true,"installed":true,"version":"3.6.2","resolution":"/home/shivam97/nodeProjects/biobrix/bioc/functions/node_modules/firebase-functions/lib/index.js"}} {"metadata":{"emulator":{"name":"functions"},"message":"[runtime-status] [26459] firebase-functions has been stubbed. {\"functionsResolution\":{\"declared\":true,\"installed\":true,\"version\":\"3.6.2\",\"resolution\":\"/home/shivam97/nodeProjects/biobrix/bioc/functions/node_modules/firebase-functions/lib/index.js\"}}"}}
[debug] [2020-06-02T18:52:03.230Z] [runtime-status] [26459] Resolved module firebase-functions {"declared":true,"installed":true,"version":"3.6.2","resolution":"/home/shivam97/nodeProjects/biobrix/bioc/functions/node_modules/firebase-functions/lib/index.js"} {"metadata":{"emulator":{"name":"functions"},"message":"[runtime-status] [26459] Resolved module firebase-functions {\"declared\":true,\"installed\":true,\"version\":\"3.6.2\",\"resolution\":\"/home/shivam97/nodeProjects/biobrix/bioc/functions/node_modules/firebase-functions/lib/index.js\"}"}}
[debug] [2020-06-02T18:52:03.231Z] [runtime-status] [26459] Resolved module firebase-admin {"declared":true,"installed":true,"version":"8.12.1","resolution":"/home/shivam97/nodeProjects/biobrix/bioc/functions/node_modules/firebase-admin/lib/index.js"} {"metadata":{"emulator":{"name":"functions"},"message":"[runtime-status] [26459] Resolved module firebase-admin {\"declared\":true,\"installed\":true,\"version\":\"8.12.1\",\"resolution\":\"/home/shivam97/nodeProjects/biobrix/bioc/functions/node_modules/firebase-admin/lib/index.js\"}"}}
[debug] [2020-06-02T18:52:03.231Z] [runtime-status] [26459] Resolved module firebase-functions {"declared":true,"installed":true,"version":"3.6.2","resolution":"/home/shivam97/nodeProjects/biobrix/bioc/functions/node_modules/firebase-functions/lib/index.js"} {"metadata":{"emulator":{"name":"functions"},"message":"[runtime-status] [26459] Resolved module firebase-functions {\"declared\":true,\"installed\":true,\"version\":\"3.6.2\",\"resolution\":\"/home/shivam97/nodeProjects/biobrix/bioc/functions/node_modules/firebase-functions/lib/index.js\"}"}}
[debug] [2020-06-02T18:52:03.231Z] [runtime-status] [26459] firebase-admin has been stubbed. {"adminResolution":{"declared":true,"installed":true,"version":"8.12.1","resolution":"/home/shivam97/nodeProjects/biobrix/bioc/functions/node_modules/firebase-admin/lib/index.js"}} {"metadata":{"emulator":{"name":"functions"},"message":"[runtime-status] [26459] firebase-admin has been stubbed. {\"adminResolution\":{\"declared\":true,\"installed\":true,\"version\":\"8.12.1\",\"resolution\":\"/home/shivam97/nodeProjects/biobrix/bioc/functions/node_modules/firebase-admin/lib/index.js\"}}"}}
[debug] [2020-06-02T18:52:03.545Z] [runtime-status] [26459] initializeApp(DEFAULT) {"projectId":"ng-complete1"} {"metadata":{"emulator":{"name":"functions"},"message":"[runtime-status] [26459] initializeApp(DEFAULT) {\"projectId\":\"ng-complete1\"}"}}
[info] >  Initialized firebase app {"user":"Initialized firebase app","metadata":{"emulator":{"name":"functions"},"message":"\u001b[90m> \u001b[39m Initialized firebase app"}}
[warn] ⚠  ReferenceError: upload is not defined
    at Object.<anonymous> (/home/shivam97/nodeProjects/biobrix/bioc/functions/config/multer_config.js:68:20)
    at Module._compile (internal/modules/cjs/loader.js:1151:30)
    at Object.Module._extensions..js (internal/modules/cjs/loader.js:1171:10)
    at Module.load (internal/modules/cjs/loader.js:1000:32)
    at Function.Module._load (internal/modules/cjs/loader.js:899:14)
    at Module.require (internal/modules/cjs/loader.js:1040:19)
    at require (internal/modules/cjs/helpers.js:72:18)
    at Object.<anonymous> (/home/shivam97/nodeProjects/biobrix/bioc/functions/routers/product_router.js:6:16)
    at Module._compile (internal/modules/cjs/loader.js:1151:30)
    at Object.Module._extensions..js (internal/modules/cjs/loader.js:1171:10)
    at Module.load (internal/modules/cjs/loader.js:1000:32)
    at Function.Module._load (internal/modules/cjs/loader.js:899:14)
    at Module.require (internal/modules/cjs/loader.js:1040:19)
    at require (internal/modules/cjs/helpers.js:72:18)
    at Object.<anonymous> (/home/shivam97/nodeProjects/biobrix/bioc/functions/app.js:7:23)
    at Module._compile (internal/modules/cjs/loader.js:1151:30) {"metadata":{"emulator":{"name":"functions"},"message":"ReferenceError: upload is not defined\n    at Object.<anonymous> (/home/shivam97/nodeProjects/biobrix/bioc/functions/config/multer_config.js:68:20)\n    at Module._compile (internal/modules/cjs/loader.js:1151:30)\n    at Object.Module._extensions..js (internal/modules/cjs/loader.js:1171:10)\n    at Module.load (internal/modules/cjs/loader.js:1000:32)\n    at Function.Module._load (internal/modules/cjs/loader.js:899:14)\n    at Module.require (internal/modules/cjs/loader.js:1040:19)\n    at require (internal/modules/cjs/helpers.js:72:18)\n    at Object.<anonymous> (/home/shivam97/nodeProjects/biobrix/bioc/functions/routers/product_router.js:6:16)\n    at Module._compile (internal/modules/cjs/loader.js:1151:30)\n    at Object.Module._extensions..js (internal/modules/cjs/loader.js:1171:10)\n    at Module.load (internal/modules/cjs/loader.js:1000:32)\n    at Function.Module._load (internal/modules/cjs/loader.js:899:14)\n    at Module.require (internal/modules/cjs/loader.js:1040:19)\n    at require (internal/modules/cjs/helpers.js:72:18)\n    at Object.<anonymous> (/home/shivam97/nodeProjects/biobrix/bioc/functions/app.js:7:23)\n    at Module._compile (internal/modules/cjs/loader.js:1151:30)"}}
[warn] ⚠  We were unable to load your functions code. (see above) {"metadata":{"emulator":{"name":"functions"}}}
[debug] [2020-06-02T18:52:03.617Z] [worker-~diagnostic~-6712bf3b-1f7b-495e-89b1-990b2c313111]: exited {"metadata":{"emulator":{"name":"functions"},"message":"[worker-~diagnostic~-6712bf3b-1f7b-495e-89b1-990b2c313111]: exited"}}
[debug] [2020-06-02T18:52:03.618Z] [worker-~diagnostic~-6712bf3b-1f7b-495e-89b1-990b2c313111]: FINISHED {"metadata":{"emulator":{"name":"functions"},"message":"[worker-~diagnostic~-6712bf3b-1f7b-495e-89b1-990b2c313111]: FINISHED"}}
[debug] [2020-06-02T18:52:19.435Z] File /home/shivam97/nodeProjects/biobrix/bioc/functions/config/multer_config.js changed, reloading triggers {"metadata":{"emulator":{"name":"functions"},"message":"File /home/shivam97/nodeProjects/biobrix/bioc/functions/config/multer_config.js changed, reloading triggers"}}
[debug] [2020-06-02T18:52:19.524Z] File /home/shivam97/nodeProjects/biobrix/bioc/functions/config/multer_config.js changed, reloading triggers {"metadata":{"emulator":{"name":"functions"},"message":"File /home/shivam97/nodeProjects/biobrix/bioc/functions/config/multer_config.js changed, reloading triggers"}}
[debug] [2020-06-02T18:52:20.528Z] [worker-pool] Cleaned up workers for ~diagnostic~: 1 --> 0 {"metadata":{"emulator":{"name":"functions"},"message":"[worker-pool] Cleaned up workers for ~diagnostic~: 1 --> 0"}}
[debug] [2020-06-02T18:52:20.549Z] [worker-pool] addWorker(~diagnostic~) {"metadata":{"emulator":{"name":"functions"},"message":"[worker-pool] addWorker(~diagnostic~)"}}
[debug] [2020-06-02T18:52:20.552Z] [worker-pool] Adding worker with key ~diagnostic~, total=1 {"metadata":{"emulator":{"name":"functions"},"message":"[worker-pool] Adding worker with key ~diagnostic~, total=1"}}
[debug] [2020-06-02T18:52:20.552Z] [worker-pool] submitWork(triggerId=) {"metadata":{"emulator":{"name":"functions"},"message":"[worker-pool] submitWork(triggerId=)"}}
[debug] [2020-06-02T18:52:20.554Z] [worker-~diagnostic~-10e06298-4774-4a30-b564-55d54964f9f5]: Assigning socketPath: /tmp/fire_emu_26473.sock {"metadata":{"emulator":{"name":"functions"},"message":"[worker-~diagnostic~-10e06298-4774-4a30-b564-55d54964f9f5]: Assigning socketPath: /tmp/fire_emu_26473.sock"}}
[debug] [2020-06-02T18:52:20.555Z] [worker-~diagnostic~-10e06298-4774-4a30-b564-55d54964f9f5]: BUSY {"metadata":{"emulator":{"name":"functions"},"message":"[worker-~diagnostic~-10e06298-4774-4a30-b564-55d54964f9f5]: BUSY"}}
[debug] [2020-06-02T18:52:20.838Z] [runtime-status] [26473] Functions runtime initialized. {"cwd":"/home/shivam97/nodeProjects/biobrix/bioc/functions","node_version":"13.9.0"} {"metadata":{"emulator":{"name":"functions"},"message":"[runtime-status] [26473] Functions runtime initialized. {\"cwd\":\"/home/shivam97/nodeProjects/biobrix/bioc/functions\",\"node_version\":\"13.9.0\"}"}}
[debug] [2020-06-02T18:52:20.840Z] [runtime-status] [26473] Disabled runtime features: undefined {"metadata":{"emulator":{"name":"functions"},"message":"[runtime-status] [26473] Disabled runtime features: undefined"}}
[debug] [2020-06-02T18:52:20.843Z] [runtime-status] [26473] Resolved module firebase-admin {"declared":true,"installed":true,"version":"8.12.1","resolution":"/home/shivam97/nodeProjects/biobrix/bioc/functions/node_modules/firebase-admin/lib/index.js"} {"metadata":{"emulator":{"name":"functions"},"message":"[runtime-status] [26473] Resolved module firebase-admin {\"declared\":true,\"installed\":true,\"version\":\"8.12.1\",\"resolution\":\"/home/shivam97/nodeProjects/biobrix/bioc/functions/node_modules/firebase-admin/lib/index.js\"}"}}
[debug] [2020-06-02T18:52:20.846Z] [runtime-status] [26473] Resolved module firebase-functions {"declared":true,"installed":true,"version":"3.6.2","resolution":"/home/shivam97/nodeProjects/biobrix/bioc/functions/node_modules/firebase-functions/lib/index.js"} {"metadata":{"emulator":{"name":"functions"},"message":"[runtime-status] [26473] Resolved module firebase-functions {\"declared\":true,\"installed\":true,\"version\":\"3.6.2\",\"resolution\":\"/home/shivam97/nodeProjects/biobrix/bioc/functions/node_modules/firebase-functions/lib/index.js\"}"}}
[debug] [2020-06-02T18:52:20.850Z] [runtime-status] [26473] Found local functions config: /home/shivam97/nodeProjects/biobrix/bioc/functions/.runtimeconfig.json {"metadata":{"emulator":{"name":"functions"},"message":"[runtime-status] [26473] Found local functions config: /home/shivam97/nodeProjects/biobrix/bioc/functions/.runtimeconfig.json"}}
[debug] [2020-06-02T18:52:20.850Z] [runtime-status] [26473] Outgoing network have been stubbed. [{"name":"http","status":"mocked"},{"name":"http","status":"mocked"},{"name":"https","status":"mocked"},{"name":"https","status":"mocked"},{"name":"net","status":"mocked"}] {"metadata":{"emulator":{"name":"functions"},"message":"[runtime-status] [26473] Outgoing network have been stubbed. [{\"name\":\"http\",\"status\":\"mocked\"},{\"name\":\"http\",\"status\":\"mocked\"},{\"name\":\"https\",\"status\":\"mocked\"},{\"name\":\"https\",\"status\":\"mocked\"},{\"name\":\"net\",\"status\":\"mocked\"}]"}}
[debug] [2020-06-02T18:52:20.853Z] [runtime-status] [26473] Resolved module firebase-functions {"declared":true,"installed":true,"version":"3.6.2","resolution":"/home/shivam97/nodeProjects/biobrix/bioc/functions/node_modules/firebase-functions/lib/index.js"} {"metadata":{"emulator":{"name":"functions"},"message":"[runtime-status] [26473] Resolved module firebase-functions {\"declared\":true,\"installed\":true,\"version\":\"3.6.2\",\"resolution\":\"/home/shivam97/nodeProjects/biobrix/bioc/functions/node_modules/firebase-functions/lib/index.js\"}"}}
[debug] [2020-06-02T18:52:20.884Z] [runtime-status] [26473] Checked functions.config() {"config":{"biobrix":{"paytm_merchant_id":"GpfBCX42323873899427","twilio_service_id":"VA149f5b0c6ad2660ec1f44e255bbb1948","paytm_merchant_key":"HFfseLgiqJf7ZLvB","mongodb_url":"mongodb://127.0.0.1:27017/biobrix-test","twilio_account_sid":"AC484d9c6b26a7da5e3c255f8b2b841aaf","twilio_auth_token":"4946d866bf498c2f5e3fd6ae26ab27c8"}}} {"metadata":{"emulator":{"name":"functions"},"message":"[runtime-status] [26473] Checked functions.config() {\"config\":{\"biobrix\":{\"paytm_merchant_id\":\"GpfBCX42323873899427\",\"twilio_service_id\":\"VA149f5b0c6ad2660ec1f44e255bbb1948\",\"paytm_merchant_key\":\"HFfseLgiqJf7ZLvB\",\"mongodb_url\":\"mongodb://127.0.0.1:27017/biobrix-test\",\"twilio_account_sid\":\"AC484d9c6b26a7da5e3c255f8b2b841aaf\",\"twilio_auth_token\":\"4946d866bf498c2f5e3fd6ae26ab27c8\"}}}"}}
[debug] [2020-06-02T18:52:20.884Z] [runtime-status] [26473] firebase-functions has been stubbed. {"functionsResolution":{"declared":true,"installed":true,"version":"3.6.2","resolution":"/home/shivam97/nodeProjects/biobrix/bioc/functions/node_modules/firebase-functions/lib/index.js"}} {"metadata":{"emulator":{"name":"functions"},"message":"[runtime-status] [26473] firebase-functions has been stubbed. {\"functionsResolution\":{\"declared\":true,\"installed\":true,\"version\":\"3.6.2\",\"resolution\":\"/home/shivam97/nodeProjects/biobrix/bioc/functions/node_modules/firebase-functions/lib/index.js\"}}"}}
[debug] [2020-06-02T18:52:20.886Z] [runtime-status] [26473] Resolved module firebase-functions {"declared":true,"installed":true,"version":"3.6.2","resolution":"/home/shivam97/nodeProjects/biobrix/bioc/functions/node_modules/firebase-functions/lib/index.js"} {"metadata":{"emulator":{"name":"functions"},"message":"[runtime-status] [26473] Resolved module firebase-functions {\"declared\":true,\"installed\":true,\"version\":\"3.6.2\",\"resolution\":\"/home/shivam97/nodeProjects/biobrix/bioc/functions/node_modules/firebase-functions/lib/index.js\"}"}}
[debug] [2020-06-02T18:52:20.887Z] [runtime-status] [26473] Resolved module firebase-admin {"declared":true,"installed":true,"version":"8.12.1","resolution":"/home/shivam97/nodeProjects/biobrix/bioc/functions/node_modules/firebase-admin/lib/index.js"} {"metadata":{"emulator":{"name":"functions"},"message":"[runtime-status] [26473] Resolved module firebase-admin {\"declared\":true,\"installed\":true,\"version\":\"8.12.1\",\"resolution\":\"/home/shivam97/nodeProjects/biobrix/bioc/functions/node_modules/firebase-admin/lib/index.js\"}"}}
[debug] [2020-06-02T18:52:20.888Z] [runtime-status] [26473] Resolved module firebase-functions {"declared":true,"installed":true,"version":"3.6.2","resolution":"/home/shivam97/nodeProjects/biobrix/bioc/functions/node_modules/firebase-functions/lib/index.js"} {"metadata":{"emulator":{"name":"functions"},"message":"[runtime-status] [26473] Resolved module firebase-functions {\"declared\":true,\"installed\":true,\"version\":\"3.6.2\",\"resolution\":\"/home/shivam97/nodeProjects/biobrix/bioc/functions/node_modules/firebase-functions/lib/index.js\"}"}}
[debug] [2020-06-02T18:52:20.888Z] [runtime-status] [26473] firebase-admin has been stubbed. {"adminResolution":{"declared":true,"installed":true,"version":"8.12.1","resolution":"/home/shivam97/nodeProjects/biobrix/bioc/functions/node_modules/firebase-admin/lib/index.js"}} {"metadata":{"emulator":{"name":"functions"},"message":"[runtime-status] [26473] firebase-admin has been stubbed. {\"adminResolution\":{\"declared\":true,\"installed\":true,\"version\":\"8.12.1\",\"resolution\":\"/home/shivam97/nodeProjects/biobrix/bioc/functions/node_modules/firebase-admin/lib/index.js\"}}"}}
[debug] [2020-06-02T18:52:21.228Z] [runtime-status] [26473] initializeApp(DEFAULT) {"projectId":"ng-complete1"} {"metadata":{"emulator":{"name":"functions"},"message":"[runtime-status] [26473] initializeApp(DEFAULT) {\"projectId\":\"ng-complete1\"}"}}
[info] >  Initialized firebase app {"user":"Initialized firebase app","metadata":{"emulator":{"name":"functions"},"message":"\u001b[90m> \u001b[39m Initialized firebase app"}}
[warn] ⚠  TypeError: Cannot read property 'single' of undefined
    at Object.<anonymous> (/home/shivam97/nodeProjects/biobrix/bioc/functions/routers/file_upload.js:6:48)
    at Module._compile (internal/modules/cjs/loader.js:1151:30)
    at Object.Module._extensions..js (internal/modules/cjs/loader.js:1171:10)
    at Module.load (internal/modules/cjs/loader.js:1000:32)
    at Function.Module._load (internal/modules/cjs/loader.js:899:14)
    at Module.require (internal/modules/cjs/loader.js:1040:19)
    at require (internal/modules/cjs/helpers.js:72:18)
    at Object.<anonymous> (/home/shivam97/nodeProjects/biobrix/bioc/functions/app.js:11:22)
    at Module._compile (internal/modules/cjs/loader.js:1151:30)
    at Object.Module._extensions..js (internal/modules/cjs/loader.js:1171:10)
    at Module.load (internal/modules/cjs/loader.js:1000:32)
    at Function.Module._load (internal/modules/cjs/loader.js:899:14)
    at Module.require (internal/modules/cjs/loader.js:1040:19)
    at require (internal/modules/cjs/helpers.js:72:18)
    at Object.<anonymous> (/home/shivam97/nodeProjects/biobrix/bioc/functions/index.js:1:13)
    at Module._compile (internal/modules/cjs/loader.js:1151:30) {"metadata":{"emulator":{"name":"functions"},"message":"TypeError: Cannot read property 'single' of undefined\n    at Object.<anonymous> (/home/shivam97/nodeProjects/biobrix/bioc/functions/routers/file_upload.js:6:48)\n    at Module._compile (internal/modules/cjs/loader.js:1151:30)\n    at Object.Module._extensions..js (internal/modules/cjs/loader.js:1171:10)\n    at Module.load (internal/modules/cjs/loader.js:1000:32)\n    at Function.Module._load (internal/modules/cjs/loader.js:899:14)\n    at Module.require (internal/modules/cjs/loader.js:1040:19)\n    at require (internal/modules/cjs/helpers.js:72:18)\n    at Object.<anonymous> (/home/shivam97/nodeProjects/biobrix/bioc/functions/app.js:11:22)\n    at Module._compile (internal/modules/cjs/loader.js:1151:30)\n    at Object.Module._extensions..js (internal/modules/cjs/loader.js:1171:10)\n    at Module.load (internal/modules/cjs/loader.js:1000:32)\n    at Function.Module._load (internal/modules/cjs/loader.js:899:14)\n    at Module.require (internal/modules/cjs/loader.js:1040:19)\n    at require (internal/modules/cjs/helpers.js:72:18)\n    at Object.<anonymous> (/home/shivam97/nodeProjects/biobrix/bioc/functions/index.js:1:13)\n    at Module._compile (internal/modules/cjs/loader.js:1151:30)"}}
[warn] ⚠  We were unable to load your functions code. (see above) {"metadata":{"emulator":{"name":"functions"}}}
[debug] [2020-06-02T18:52:21.736Z] [worker-~diagnostic~-10e06298-4774-4a30-b564-55d54964f9f5]: exited {"metadata":{"emulator":{"name":"functions"},"message":"[worker-~diagnostic~-10e06298-4774-4a30-b564-55d54964f9f5]: exited"}}
[debug] [2020-06-02T18:52:21.736Z] [worker-~diagnostic~-10e06298-4774-4a30-b564-55d54964f9f5]: FINISHED {"metadata":{"emulator":{"name":"functions"},"message":"[worker-~diagnostic~-10e06298-4774-4a30-b564-55d54964f9f5]: FINISHED"}}
[debug] [2020-06-02T18:54:01.303Z] File /home/shivam97/nodeProjects/biobrix/bioc/functions/app.js changed, reloading triggers {"metadata":{"emulator":{"name":"functions"},"message":"File /home/shivam97/nodeProjects/biobrix/bioc/functions/app.js changed, reloading triggers"}}
[debug] [2020-06-02T18:54:01.378Z] File /home/shivam97/nodeProjects/biobrix/bioc/functions/app.js changed, reloading triggers {"metadata":{"emulator":{"name":"functions"},"message":"File /home/shivam97/nodeProjects/biobrix/bioc/functions/app.js changed, reloading triggers"}}
[debug] [2020-06-02T18:54:02.379Z] [worker-pool] Cleaned up workers for ~diagnostic~: 1 --> 0 {"metadata":{"emulator":{"name":"functions"},"message":"[worker-pool] Cleaned up workers for ~diagnostic~: 1 --> 0"}}
[debug] [2020-06-02T18:54:02.385Z] [worker-pool] addWorker(~diagnostic~) {"metadata":{"emulator":{"name":"functions"},"message":"[worker-pool] addWorker(~diagnostic~)"}}
[debug] [2020-06-02T18:54:02.385Z] [worker-pool] Adding worker with key ~diagnostic~, total=1 {"metadata":{"emulator":{"name":"functions"},"message":"[worker-pool] Adding worker with key ~diagnostic~, total=1"}}
[debug] [2020-06-02T18:54:02.385Z] [worker-pool] submitWork(triggerId=) {"metadata":{"emulator":{"name":"functions"},"message":"[worker-pool] submitWork(triggerId=)"}}
[debug] [2020-06-02T18:54:02.385Z] [worker-~diagnostic~-7fd2891d-c859-4d93-a6d1-c1ac9ae87aee]: Assigning socketPath: /tmp/fire_emu_26523.sock {"metadata":{"emulator":{"name":"functions"},"message":"[worker-~diagnostic~-7fd2891d-c859-4d93-a6d1-c1ac9ae87aee]: Assigning socketPath: /tmp/fire_emu_26523.sock"}}
[debug] [2020-06-02T18:54:02.385Z] [worker-~diagnostic~-7fd2891d-c859-4d93-a6d1-c1ac9ae87aee]: BUSY {"metadata":{"emulator":{"name":"functions"},"message":"[worker-~diagnostic~-7fd2891d-c859-4d93-a6d1-c1ac9ae87aee]: BUSY"}}
[debug] [2020-06-02T18:54:02.672Z] [runtime-status] [26523] Functions runtime initialized. {"cwd":"/home/shivam97/nodeProjects/biobrix/bioc/functions","node_version":"13.9.0"} {"metadata":{"emulator":{"name":"functions"},"message":"[runtime-status] [26523] Functions runtime initialized. {\"cwd\":\"/home/shivam97/nodeProjects/biobrix/bioc/functions\",\"node_version\":\"13.9.0\"}"}}
[debug] [2020-06-02T18:54:02.674Z] [runtime-status] [26523] Disabled runtime features: undefined {"metadata":{"emulator":{"name":"functions"},"message":"[runtime-status] [26523] Disabled runtime features: undefined"}}
[debug] [2020-06-02T18:54:02.676Z] [runtime-status] [26523] Resolved module firebase-admin {"declared":true,"installed":true,"version":"8.12.1","resolution":"/home/shivam97/nodeProjects/biobrix/bioc/functions/node_modules/firebase-admin/lib/index.js"} {"metadata":{"emulator":{"name":"functions"},"message":"[runtime-status] [26523] Resolved module firebase-admin {\"declared\":true,\"installed\":true,\"version\":\"8.12.1\",\"resolution\":\"/home/shivam97/nodeProjects/biobrix/bioc/functions/node_modules/firebase-admin/lib/index.js\"}"}}
[debug] [2020-06-02T18:54:02.679Z] [runtime-status] [26523] Resolved module firebase-functions {"declared":true,"installed":true,"version":"3.6.2","resolution":"/home/shivam97/nodeProjects/biobrix/bioc/functions/node_modules/firebase-functions/lib/index.js"} {"metadata":{"emulator":{"name":"functions"},"message":"[runtime-status] [26523] Resolved module firebase-functions {\"declared\":true,\"installed\":true,\"version\":\"3.6.2\",\"resolution\":\"/home/shivam97/nodeProjects/biobrix/bioc/functions/node_modules/firebase-functions/lib/index.js\"}"}}
[debug] [2020-06-02T18:54:02.682Z] [runtime-status] [26523] Found local functions config: /home/shivam97/nodeProjects/biobrix/bioc/functions/.runtimeconfig.json {"metadata":{"emulator":{"name":"functions"},"message":"[runtime-status] [26523] Found local functions config: /home/shivam97/nodeProjects/biobrix/bioc/functions/.runtimeconfig.json"}}
[debug] [2020-06-02T18:54:02.683Z] [runtime-status] [26523] Outgoing network have been stubbed. [{"name":"http","status":"mocked"},{"name":"http","status":"mocked"},{"name":"https","status":"mocked"},{"name":"https","status":"mocked"},{"name":"net","status":"mocked"}] {"metadata":{"emulator":{"name":"functions"},"message":"[runtime-status] [26523] Outgoing network have been stubbed. [{\"name\":\"http\",\"status\":\"mocked\"},{\"name\":\"http\",\"status\":\"mocked\"},{\"name\":\"https\",\"status\":\"mocked\"},{\"name\":\"https\",\"status\":\"mocked\"},{\"name\":\"net\",\"status\":\"mocked\"}]"}}
[debug] [2020-06-02T18:54:02.685Z] [runtime-status] [26523] Resolved module firebase-functions {"declared":true,"installed":true,"version":"3.6.2","resolution":"/home/shivam97/nodeProjects/biobrix/bioc/functions/node_modules/firebase-functions/lib/index.js"} {"metadata":{"emulator":{"name":"functions"},"message":"[runtime-status] [26523] Resolved module firebase-functions {\"declared\":true,\"installed\":true,\"version\":\"3.6.2\",\"resolution\":\"/home/shivam97/nodeProjects/biobrix/bioc/functions/node_modules/firebase-functions/lib/index.js\"}"}}
[debug] [2020-06-02T18:54:02.716Z] [runtime-status] [26523] Checked functions.config() {"config":{"biobrix":{"paytm_merchant_id":"GpfBCX42323873899427","twilio_service_id":"VA149f5b0c6ad2660ec1f44e255bbb1948","paytm_merchant_key":"HFfseLgiqJf7ZLvB","mongodb_url":"mongodb://127.0.0.1:27017/biobrix-test","twilio_account_sid":"AC484d9c6b26a7da5e3c255f8b2b841aaf","twilio_auth_token":"4946d866bf498c2f5e3fd6ae26ab27c8"}}} {"metadata":{"emulator":{"name":"functions"},"message":"[runtime-status] [26523] Checked functions.config() {\"config\":{\"biobrix\":{\"paytm_merchant_id\":\"GpfBCX42323873899427\",\"twilio_service_id\":\"VA149f5b0c6ad2660ec1f44e255bbb1948\",\"paytm_merchant_key\":\"HFfseLgiqJf7ZLvB\",\"mongodb_url\":\"mongodb://127.0.0.1:27017/biobrix-test\",\"twilio_account_sid\":\"AC484d9c6b26a7da5e3c255f8b2b841aaf\",\"twilio_auth_token\":\"4946d866bf498c2f5e3fd6ae26ab27c8\"}}}"}}
[debug] [2020-06-02T18:54:02.717Z] [runtime-status] [26523] firebase-functions has been stubbed. {"functionsResolution":{"declared":true,"installed":true,"version":"3.6.2","resolution":"/home/shivam97/nodeProjects/biobrix/bioc/functions/node_modules/firebase-functions/lib/index.js"}} {"metadata":{"emulator":{"name":"functions"},"message":"[runtime-status] [26523] firebase-functions has been stubbed. {\"functionsResolution\":{\"declared\":true,\"installed\":true,\"version\":\"3.6.2\",\"resolution\":\"/home/shivam97/nodeProjects/biobrix/bioc/functions/node_modules/firebase-functions/lib/index.js\"}}"}}
[debug] [2020-06-02T18:54:02.718Z] [runtime-status] [26523] Resolved module firebase-functions {"declared":true,"installed":true,"version":"3.6.2","resolution":"/home/shivam97/nodeProjects/biobrix/bioc/functions/node_modules/firebase-functions/lib/index.js"} {"metadata":{"emulator":{"name":"functions"},"message":"[runtime-status] [26523] Resolved module firebase-functions {\"declared\":true,\"installed\":true,\"version\":\"3.6.2\",\"resolution\":\"/home/shivam97/nodeProjects/biobrix/bioc/functions/node_modules/firebase-functions/lib/index.js\"}"}}
[debug] [2020-06-02T18:54:02.720Z] [runtime-status] [26523] Resolved module firebase-admin {"declared":true,"installed":true,"version":"8.12.1","resolution":"/home/shivam97/nodeProjects/biobrix/bioc/functions/node_modules/firebase-admin/lib/index.js"} {"metadata":{"emulator":{"name":"functions"},"message":"[runtime-status] [26523] Resolved module firebase-admin {\"declared\":true,\"installed\":true,\"version\":\"8.12.1\",\"resolution\":\"/home/shivam97/nodeProjects/biobrix/bioc/functions/node_modules/firebase-admin/lib/index.js\"}"}}
[debug] [2020-06-02T18:54:02.720Z] [runtime-status] [26523] Resolved module firebase-functions {"declared":true,"installed":true,"version":"3.6.2","resolution":"/home/shivam97/nodeProjects/biobrix/bioc/functions/node_modules/firebase-functions/lib/index.js"} {"metadata":{"emulator":{"name":"functions"},"message":"[runtime-status] [26523] Resolved module firebase-functions {\"declared\":true,\"installed\":true,\"version\":\"3.6.2\",\"resolution\":\"/home/shivam97/nodeProjects/biobrix/bioc/functions/node_modules/firebase-functions/lib/index.js\"}"}}
[debug] [2020-06-02T18:54:02.721Z] [runtime-status] [26523] firebase-admin has been stubbed. {"adminResolution":{"declared":true,"installed":true,"version":"8.12.1","resolution":"/home/shivam97/nodeProjects/biobrix/bioc/functions/node_modules/firebase-admin/lib/index.js"}} {"metadata":{"emulator":{"name":"functions"},"message":"[runtime-status] [26523] firebase-admin has been stubbed. {\"adminResolution\":{\"declared\":true,\"installed\":true,\"version\":\"8.12.1\",\"resolution\":\"/home/shivam97/nodeProjects/biobrix/bioc/functions/node_modules/firebase-admin/lib/index.js\"}}"}}
[debug] [2020-06-02T18:54:03.042Z] [runtime-status] [26523] initializeApp(DEFAULT) {"projectId":"ng-complete1"} {"metadata":{"emulator":{"name":"functions"},"message":"[runtime-status] [26523] initializeApp(DEFAULT) {\"projectId\":\"ng-complete1\"}"}}
[info] >  Initialized firebase app {"user":"Initialized firebase app","metadata":{"emulator":{"name":"functions"},"message":"\u001b[90m> \u001b[39m Initialized firebase app"}}
[info] ✔  functions[app]: http function initialized (http://localhost:5000/ng-complete1/us-central1/app). {"metadata":{"emulator":{"name":"functions"},"message":"\u001b[1mhttp\u001b[22m function initialized (http://localhost:5000/ng-complete1/us-central1/app)."}}
[debug] [2020-06-02T18:54:03.613Z] [worker-~diagnostic~-7fd2891d-c859-4d93-a6d1-c1ac9ae87aee]: IDLE {"metadata":{"emulator":{"name":"functions"},"message":"[worker-~diagnostic~-7fd2891d-c859-4d93-a6d1-c1ac9ae87aee]: IDLE"}}
[debug] [2020-06-02T18:54:16.627Z] [work-queue] {"queueLength":1,"workRunningCount":0}
[debug] [2020-06-02T18:54:16.628Z] [work-queue] {"queueLength":0,"workRunningCount":1}
[debug] [2020-06-02T18:54:16.628Z] Accepted request GET /ng-complete1/us-central1/app --> app
[debug] [2020-06-02T18:54:16.634Z] [worker-pool] addWorker(app) {"metadata":{"emulator":{"name":"functions"},"message":"[worker-pool] addWorker(app)"}}
[debug] [2020-06-02T18:54:16.635Z] [worker-pool] Adding worker with key app, total=1 {"metadata":{"emulator":{"name":"functions"},"message":"[worker-pool] Adding worker with key app, total=1"}}
[debug] [2020-06-02T18:54:16.635Z] [worker-pool] submitWork(triggerId=app) {"metadata":{"emulator":{"name":"functions"},"message":"[worker-pool] submitWork(triggerId=app)"}}
[debug] [2020-06-02T18:54:16.635Z] [worker-app-4b2297af-0120-4269-be36-bafd7b22c6c0]: Assigning socketPath: /tmp/fire_emu_26602.sock {"metadata":{"emulator":{"name":"functions"},"message":"[worker-app-4b2297af-0120-4269-be36-bafd7b22c6c0]: Assigning socketPath: /tmp/fire_emu_26602.sock"}}
[debug] [2020-06-02T18:54:16.635Z] [worker-app-4b2297af-0120-4269-be36-bafd7b22c6c0]: BUSY {"metadata":{"emulator":{"name":"functions"},"message":"[worker-app-4b2297af-0120-4269-be36-bafd7b22c6c0]: BUSY"}}
[debug] [2020-06-02T18:54:17.031Z] [runtime-status] [26602] Functions runtime initialized. {"cwd":"/home/shivam97/nodeProjects/biobrix/bioc/functions","node_version":"13.9.0"} {"metadata":{"emulator":{"name":"functions"},"function":{"name":"app"},"message":"[runtime-status] [26602] Functions runtime initialized. {\"cwd\":\"/home/shivam97/nodeProjects/biobrix/bioc/functions\",\"node_version\":\"13.9.0\"}"}}
[debug] [2020-06-02T18:54:17.033Z] [runtime-status] [26602] Disabled runtime features: undefined {"metadata":{"emulator":{"name":"functions"},"function":{"name":"app"},"message":"[runtime-status] [26602] Disabled runtime features: undefined"}}
[debug] [2020-06-02T18:54:17.035Z] [runtime-status] [26602] Resolved module firebase-admin {"declared":true,"installed":true,"version":"8.12.1","resolution":"/home/shivam97/nodeProjects/biobrix/bioc/functions/node_modules/firebase-admin/lib/index.js"} {"metadata":{"emulator":{"name":"functions"},"function":{"name":"app"},"message":"[runtime-status] [26602] Resolved module firebase-admin {\"declared\":true,\"installed\":true,\"version\":\"8.12.1\",\"resolution\":\"/home/shivam97/nodeProjects/biobrix/bioc/functions/node_modules/firebase-admin/lib/index.js\"}"}}
[debug] [2020-06-02T18:54:17.038Z] [runtime-status] [26602] Resolved module firebase-functions {"declared":true,"installed":true,"version":"3.6.2","resolution":"/home/shivam97/nodeProjects/biobrix/bioc/functions/node_modules/firebase-functions/lib/index.js"} {"metadata":{"emulator":{"name":"functions"},"function":{"name":"app"},"message":"[runtime-status] [26602] Resolved module firebase-functions {\"declared\":true,\"installed\":true,\"version\":\"3.6.2\",\"resolution\":\"/home/shivam97/nodeProjects/biobrix/bioc/functions/node_modules/firebase-functions/lib/index.js\"}"}}
[debug] [2020-06-02T18:54:17.040Z] [runtime-status] [26602] Found local functions config: /home/shivam97/nodeProjects/biobrix/bioc/functions/.runtimeconfig.json {"metadata":{"emulator":{"name":"functions"},"function":{"name":"app"},"message":"[runtime-status] [26602] Found local functions config: /home/shivam97/nodeProjects/biobrix/bioc/functions/.runtimeconfig.json"}}
[debug] [2020-06-02T18:54:17.043Z] [runtime-status] [26602] Outgoing network have been stubbed. [{"name":"http","status":"mocked"},{"name":"http","status":"mocked"},{"name":"https","status":"mocked"},{"name":"https","status":"mocked"},{"name":"net","status":"mocked"}] {"metadata":{"emulator":{"name":"functions"},"function":{"name":"app"},"message":"[runtime-status] [26602] Outgoing network have been stubbed. [{\"name\":\"http\",\"status\":\"mocked\"},{\"name\":\"http\",\"status\":\"mocked\"},{\"name\":\"https\",\"status\":\"mocked\"},{\"name\":\"https\",\"status\":\"mocked\"},{\"name\":\"net\",\"status\":\"mocked\"}]"}}
[debug] [2020-06-02T18:54:17.043Z] [runtime-status] [26602] Resolved module firebase-functions {"declared":true,"installed":true,"version":"3.6.2","resolution":"/home/shivam97/nodeProjects/biobrix/bioc/functions/node_modules/firebase-functions/lib/index.js"} {"metadata":{"emulator":{"name":"functions"},"function":{"name":"app"},"message":"[runtime-status] [26602] Resolved module firebase-functions {\"declared\":true,\"installed\":true,\"version\":\"3.6.2\",\"resolution\":\"/home/shivam97/nodeProjects/biobrix/bioc/functions/node_modules/firebase-functions/lib/index.js\"}"}}
[debug] [2020-06-02T18:54:17.080Z] [runtime-status] [26602] Checked functions.config() {"config":{"biobrix":{"paytm_merchant_id":"GpfBCX42323873899427","twilio_service_id":"VA149f5b0c6ad2660ec1f44e255bbb1948","paytm_merchant_key":"HFfseLgiqJf7ZLvB","mongodb_url":"mongodb://127.0.0.1:27017/biobrix-test","twilio_account_sid":"AC484d9c6b26a7da5e3c255f8b2b841aaf","twilio_auth_token":"4946d866bf498c2f5e3fd6ae26ab27c8"}}} {"metadata":{"emulator":{"name":"functions"},"function":{"name":"app"},"message":"[runtime-status] [26602] Checked functions.config() {\"config\":{\"biobrix\":{\"paytm_merchant_id\":\"GpfBCX42323873899427\",\"twilio_service_id\":\"VA149f5b0c6ad2660ec1f44e255bbb1948\",\"paytm_merchant_key\":\"HFfseLgiqJf7ZLvB\",\"mongodb_url\":\"mongodb://127.0.0.1:27017/biobrix-test\",\"twilio_account_sid\":\"AC484d9c6b26a7da5e3c255f8b2b841aaf\",\"twilio_auth_token\":\"4946d866bf498c2f5e3fd6ae26ab27c8\"}}}"}}
[debug] [2020-06-02T18:54:17.080Z] [runtime-status] [26602] firebase-functions has been stubbed. {"functionsResolution":{"declared":true,"installed":true,"version":"3.6.2","resolution":"/home/shivam97/nodeProjects/biobrix/bioc/functions/node_modules/firebase-functions/lib/index.js"}} {"metadata":{"emulator":{"name":"functions"},"function":{"name":"app"},"message":"[runtime-status] [26602] firebase-functions has been stubbed. {\"functionsResolution\":{\"declared\":true,\"installed\":true,\"version\":\"3.6.2\",\"resolution\":\"/home/shivam97/nodeProjects/biobrix/bioc/functions/node_modules/firebase-functions/lib/index.js\"}}"}}
[debug] [2020-06-02T18:54:17.081Z] [runtime-status] [26602] Resolved module firebase-functions {"declared":true,"installed":true,"version":"3.6.2","resolution":"/home/shivam97/nodeProjects/biobrix/bioc/functions/node_modules/firebase-functions/lib/index.js"} {"metadata":{"emulator":{"name":"functions"},"function":{"name":"app"},"message":"[runtime-status] [26602] Resolved module firebase-functions {\"declared\":true,\"installed\":true,\"version\":\"3.6.2\",\"resolution\":\"/home/shivam97/nodeProjects/biobrix/bioc/functions/node_modules/firebase-functions/lib/index.js\"}"}}
[debug] [2020-06-02T18:54:17.083Z] [runtime-status] [26602] Resolved module firebase-admin {"declared":true,"installed":true,"version":"8.12.1","resolution":"/home/shivam97/nodeProjects/biobrix/bioc/functions/node_modules/firebase-admin/lib/index.js"} {"metadata":{"emulator":{"name":"functions"},"function":{"name":"app"},"message":"[runtime-status] [26602] Resolved module firebase-admin {\"declared\":true,\"installed\":true,\"version\":\"8.12.1\",\"resolution\":\"/home/shivam97/nodeProjects/biobrix/bioc/functions/node_modules/firebase-admin/lib/index.js\"}"}}
[debug] [2020-06-02T18:54:17.083Z] [runtime-status] [26602] Resolved module firebase-functions {"declared":true,"installed":true,"version":"3.6.2","resolution":"/home/shivam97/nodeProjects/biobrix/bioc/functions/node_modules/firebase-functions/lib/index.js"} {"metadata":{"emulator":{"name":"functions"},"function":{"name":"app"},"message":"[runtime-status] [26602] Resolved module firebase-functions {\"declared\":true,\"installed\":true,\"version\":\"3.6.2\",\"resolution\":\"/home/shivam97/nodeProjects/biobrix/bioc/functions/node_modules/firebase-functions/lib/index.js\"}"}}
[debug] [2020-06-02T18:54:17.084Z] [runtime-status] [26602] firebase-admin has been stubbed. {"adminResolution":{"declared":true,"installed":true,"version":"8.12.1","resolution":"/home/shivam97/nodeProjects/biobrix/bioc/functions/node_modules/firebase-admin/lib/index.js"}} {"metadata":{"emulator":{"name":"functions"},"function":{"name":"app"},"message":"[runtime-status] [26602] firebase-admin has been stubbed. {\"adminResolution\":{\"declared\":true,\"installed\":true,\"version\":\"8.12.1\",\"resolution\":\"/home/shivam97/nodeProjects/biobrix/bioc/functions/node_modules/firebase-admin/lib/index.js\"}}"}}
[debug] [2020-06-02T18:54:17.464Z] [runtime-status] [26602] initializeApp(DEFAULT) {"projectId":"ng-complete1"} {"metadata":{"emulator":{"name":"functions"},"function":{"name":"app"},"message":"[runtime-status] [26602] initializeApp(DEFAULT) {\"projectId\":\"ng-complete1\"}"}}
[info] >  Initialized firebase app {"user":"Initialized firebase app","metadata":{"emulator":{"name":"functions"},"function":{"name":"app"},"message":"\u001b[90m> \u001b[39m Initialized firebase app"}}
[debug] [2020-06-02T18:54:17.956Z] [runtime-status] [26602] Trigger "app" has been found, beginning invocation! {"metadata":{"emulator":{"name":"functions"},"function":{"name":"app"},"message":"[runtime-status] [26602] Trigger \"app\" has been found, beginning invocation!"}}
[info] i  functions: Beginning execution of "app" {"metadata":{"emulator":{"name":"functions"},"function":{"name":"app"},"message":"Beginning execution of \"app\""}}
[debug] [2020-06-02T18:54:17.956Z] [runtime-status] [26602] triggerDefinition {"httpsTrigger":{},"name":"app","entryPoint":"app"} {"metadata":{"emulator":{"name":"functions"},"function":{"name":"app"},"message":"[runtime-status] [26602] triggerDefinition {\"httpsTrigger\":{},\"name\":\"app\",\"entryPoint\":\"app\"}"}}
[debug] [2020-06-02T18:54:17.957Z] [runtime-status] [26602] Running app in mode HTTPS {"metadata":{"emulator":{"name":"functions"},"function":{"name":"app"},"message":"[runtime-status] [26602] Running app in mode HTTPS"}}
[debug] [2020-06-02T18:54:17.960Z] [runtime-status] [26602] Attempting to listen to socketPath: /tmp/fire_emu_26602.sock {"metadata":{"emulator":{"name":"functions"},"function":{"name":"app"},"message":"[runtime-status] [26602] Attempting to listen to socketPath: /tmp/fire_emu_26602.sock"}}
[debug] [2020-06-02T18:54:17.966Z] [functions] Runtime ready! Sending request! {"metadata":{"emulator":{"name":"functions"},"message":"[functions] Runtime ready! Sending request!"}}
[debug] [2020-06-02T18:54:17.986Z] [runtime-status] [26602] Ephemeral server handling GET request {"metadata":{"emulator":{"name":"functions"},"function":{"name":"app"},"message":"[runtime-status] [26602] Ephemeral server handling GET request"}}
[debug] [2020-06-02T18:54:17.996Z] [runtime-status] [26602] Ephemeral server survived. {"metadata":{"emulator":{"name":"functions"},"function":{"name":"app"},"message":"[runtime-status] [26602] Ephemeral server survived."}}
[info] i  functions: Finished "app" in ~1s {"metadata":{"emulator":{"name":"functions"},"function":{"name":"app"},"message":"Finished \"app\" in ~1s"}}
[debug] [2020-06-02T18:54:17.998Z] [worker-app-4b2297af-0120-4269-be36-bafd7b22c6c0]: IDLE {"metadata":{"emulator":{"name":"functions"},"message":"[worker-app-4b2297af-0120-4269-be36-bafd7b22c6c0]: IDLE"}}
[debug] [2020-06-02T18:54:17.999Z] [work-queue] {"queueLength":0,"workRunningCount":0}
[debug] [2020-06-02T18:55:14.303Z] [work-queue] {"queueLength":1,"workRunningCount":0}
[debug] [2020-06-02T18:55:14.303Z] [work-queue] {"queueLength":0,"workRunningCount":1}
[debug] [2020-06-02T18:55:14.303Z] Accepted request GET /ng-complete1/us-central1/app/product/product_list? --> app
[debug] [2020-06-02T18:55:14.303Z] [worker-pool] submitWork(triggerId=app) {"metadata":{"emulator":{"name":"functions"},"message":"[worker-pool] submitWork(triggerId=app)"}}
[debug] [2020-06-02T18:55:14.304Z] [worker-app-4b2297af-0120-4269-be36-bafd7b22c6c0]: Assigning socketPath: /tmp/fire_emu_26602.sock {"metadata":{"emulator":{"name":"functions"},"message":"[worker-app-4b2297af-0120-4269-be36-bafd7b22c6c0]: Assigning socketPath: /tmp/fire_emu_26602.sock"}}
[debug] [2020-06-02T18:55:14.304Z] [worker-app-4b2297af-0120-4269-be36-bafd7b22c6c0]: BUSY {"metadata":{"emulator":{"name":"functions"},"message":"[worker-app-4b2297af-0120-4269-be36-bafd7b22c6c0]: BUSY"}}
[debug] [2020-06-02T18:55:14.305Z] [runtime-status] [26602] Trigger "app" has been found, beginning invocation! {"metadata":{"emulator":{"name":"functions"},"function":{"name":"app"},"message":"[runtime-status] [26602] Trigger \"app\" has been found, beginning invocation!"}}
[info] i  functions: Beginning execution of "app" {"metadata":{"emulator":{"name":"functions"},"function":{"name":"app"},"message":"Beginning execution of \"app\""}}
[debug] [2020-06-02T18:55:14.306Z] [runtime-status] [26602] triggerDefinition {"httpsTrigger":{},"name":"app","entryPoint":"app"} {"metadata":{"emulator":{"name":"functions"},"function":{"name":"app"},"message":"[runtime-status] [26602] triggerDefinition {\"httpsTrigger\":{},\"name\":\"app\",\"entryPoint\":\"app\"}"}}
[debug] [2020-06-02T18:55:14.306Z] [runtime-status] [26602] Running app in mode HTTPS {"metadata":{"emulator":{"name":"functions"},"function":{"name":"app"},"message":"[runtime-status] [26602] Running app in mode HTTPS"}}
[debug] [2020-06-02T18:55:14.306Z] [runtime-status] [26602] Attempting to listen to socketPath: /tmp/fire_emu_26602.sock {"metadata":{"emulator":{"name":"functions"},"function":{"name":"app"},"message":"[runtime-status] [26602] Attempting to listen to socketPath: /tmp/fire_emu_26602.sock"}}
[debug] [2020-06-02T18:55:14.307Z] [functions] Runtime ready! Sending request! {"metadata":{"emulator":{"name":"functions"},"message":"[functions] Runtime ready! Sending request!"}}
[debug] [2020-06-02T18:55:14.315Z] [runtime-status] [26602] Ephemeral server handling GET request {"metadata":{"emulator":{"name":"functions"},"function":{"name":"app"},"message":"[runtime-status] [26602] Ephemeral server handling GET request"}}
[debug] [2020-06-02T18:55:14.320Z] [runtime-status] [26602] Ephemeral server survived. {"metadata":{"emulator":{"name":"functions"},"function":{"name":"app"},"message":"[runtime-status] [26602] Ephemeral server survived."}}
[info] i  functions: Finished "app" in ~1s {"metadata":{"emulator":{"name":"functions"},"function":{"name":"app"},"message":"Finished \"app\" in ~1s"}}
[debug] [2020-06-02T18:55:14.385Z] [worker-app-4b2297af-0120-4269-be36-bafd7b22c6c0]: IDLE {"metadata":{"emulator":{"name":"functions"},"message":"[worker-app-4b2297af-0120-4269-be36-bafd7b22c6c0]: IDLE"}}
[debug] [2020-06-02T18:55:14.386Z] [work-queue] {"queueLength":0,"workRunningCount":0}
[debug] [2020-06-02T18:55:17.260Z] [work-queue] {"queueLength":1,"workRunningCount":0}
[debug] [2020-06-02T18:55:17.260Z] [work-queue] {"queueLength":0,"workRunningCount":1}
[debug] [2020-06-02T18:55:17.260Z] Accepted request GET /ng-complete1/us-central1/app/product/product_list? --> app
[debug] [2020-06-02T18:55:17.260Z] [worker-pool] submitWork(triggerId=app) {"metadata":{"emulator":{"name":"functions"},"message":"[worker-pool] submitWork(triggerId=app)"}}
[debug] [2020-06-02T18:55:17.260Z] [worker-app-4b2297af-0120-4269-be36-bafd7b22c6c0]: Assigning socketPath: /tmp/fire_emu_26602.sock {"metadata":{"emulator":{"name":"functions"},"message":"[worker-app-4b2297af-0120-4269-be36-bafd7b22c6c0]: Assigning socketPath: /tmp/fire_emu_26602.sock"}}
[debug] [2020-06-02T18:55:17.261Z] [worker-app-4b2297af-0120-4269-be36-bafd7b22c6c0]: BUSY {"metadata":{"emulator":{"name":"functions"},"message":"[worker-app-4b2297af-0120-4269-be36-bafd7b22c6c0]: BUSY"}}
[debug] [2020-06-02T18:55:17.263Z] [runtime-status] [26602] Trigger "app" has been found, beginning invocation! {"metadata":{"emulator":{"name":"functions"},"function":{"name":"app"},"message":"[runtime-status] [26602] Trigger \"app\" has been found, beginning invocation!"}}
[info] i  functions: Beginning execution of "app" {"metadata":{"emulator":{"name":"functions"},"function":{"name":"app"},"message":"Beginning execution of \"app\""}}
[debug] [2020-06-02T18:55:17.264Z] [runtime-status] [26602] triggerDefinition {"httpsTrigger":{},"name":"app","entryPoint":"app"} {"metadata":{"emulator":{"name":"functions"},"function":{"name":"app"},"message":"[runtime-status] [26602] triggerDefinition {\"httpsTrigger\":{},\"name\":\"app\",\"entryPoint\":\"app\"}"}}
[debug] [2020-06-02T18:55:17.264Z] [runtime-status] [26602] Running app in mode HTTPS {"metadata":{"emulator":{"name":"functions"},"function":{"name":"app"},"message":"[runtime-status] [26602] Running app in mode HTTPS"}}
[debug] [2020-06-02T18:55:17.264Z] [runtime-status] [26602] Attempting to listen to socketPath: /tmp/fire_emu_26602.sock {"metadata":{"emulator":{"name":"functions"},"function":{"name":"app"},"message":"[runtime-status] [26602] Attempting to listen to socketPath: /tmp/fire_emu_26602.sock"}}
[debug] [2020-06-02T18:55:17.265Z] [functions] Runtime ready! Sending request! {"metadata":{"emulator":{"name":"functions"},"message":"[functions] Runtime ready! Sending request!"}}
[debug] [2020-06-02T18:55:17.271Z] [runtime-status] [26602] Ephemeral server handling GET request {"metadata":{"emulator":{"name":"functions"},"function":{"name":"app"},"message":"[runtime-status] [26602] Ephemeral server handling GET request"}}
[debug] [2020-06-02T18:55:17.271Z] [runtime-status] [26602] Ephemeral server survived. {"metadata":{"emulator":{"name":"functions"},"function":{"name":"app"},"message":"[runtime-status] [26602] Ephemeral server survived."}}
[info] i  functions: Finished "app" in ~1s {"metadata":{"emulator":{"name":"functions"},"function":{"name":"app"},"message":"Finished \"app\" in ~1s"}}
[debug] [2020-06-02T18:55:17.285Z] [worker-app-4b2297af-0120-4269-be36-bafd7b22c6c0]: IDLE {"metadata":{"emulator":{"name":"functions"},"message":"[worker-app-4b2297af-0120-4269-be36-bafd7b22c6c0]: IDLE"}}
[debug] [2020-06-02T18:55:17.286Z] [work-queue] {"queueLength":0,"workRunningCount":0}
[debug] [2020-06-02T18:55:47.837Z] [work-queue] {"queueLength":1,"workRunningCount":0}
[debug] [2020-06-02T18:55:47.838Z] [work-queue] {"queueLength":0,"workRunningCount":1}
[debug] [2020-06-02T18:55:47.838Z] Accepted request GET /ng-complete1/us-central1/app/homepage/get_all_testimonies --> app
[debug] [2020-06-02T18:55:47.838Z] [worker-pool] submitWork(triggerId=app) {"metadata":{"emulator":{"name":"functions"},"message":"[worker-pool] submitWork(triggerId=app)"}}
[debug] [2020-06-02T18:55:47.838Z] [worker-app-4b2297af-0120-4269-be36-bafd7b22c6c0]: Assigning socketPath: /tmp/fire_emu_26602.sock {"metadata":{"emulator":{"name":"functions"},"message":"[worker-app-4b2297af-0120-4269-be36-bafd7b22c6c0]: Assigning socketPath: /tmp/fire_emu_26602.sock"}}
[debug] [2020-06-02T18:55:47.839Z] [worker-app-4b2297af-0120-4269-be36-bafd7b22c6c0]: BUSY {"metadata":{"emulator":{"name":"functions"},"message":"[worker-app-4b2297af-0120-4269-be36-bafd7b22c6c0]: BUSY"}}
[debug] [2020-06-02T18:55:47.841Z] [runtime-status] [26602] Trigger "app" has been found, beginning invocation! {"metadata":{"emulator":{"name":"functions"},"function":{"name":"app"},"message":"[runtime-status] [26602] Trigger \"app\" has been found, beginning invocation!"}}
[info] i  functions: Beginning execution of "app" {"metadata":{"emulator":{"name":"functions"},"function":{"name":"app"},"message":"Beginning execution of \"app\""}}
[debug] [2020-06-02T18:55:47.842Z] [runtime-status] [26602] triggerDefinition {"httpsTrigger":{},"name":"app","entryPoint":"app"} {"metadata":{"emulator":{"name":"functions"},"function":{"name":"app"},"message":"[runtime-status] [26602] triggerDefinition {\"httpsTrigger\":{},\"name\":\"app\",\"entryPoint\":\"app\"}"}}
[debug] [2020-06-02T18:55:47.842Z] [runtime-status] [26602] Running app in mode HTTPS {"metadata":{"emulator":{"name":"functions"},"function":{"name":"app"},"message":"[runtime-status] [26602] Running app in mode HTTPS"}}
[debug] [2020-06-02T18:55:47.842Z] [runtime-status] [26602] Attempting to listen to socketPath: /tmp/fire_emu_26602.sock {"metadata":{"emulator":{"name":"functions"},"function":{"name":"app"},"message":"[runtime-status] [26602] Attempting to listen to socketPath: /tmp/fire_emu_26602.sock"}}
[debug] [2020-06-02T18:55:47.843Z] [functions] Runtime ready! Sending request! {"metadata":{"emulator":{"name":"functions"},"message":"[functions] Runtime ready! Sending request!"}}
[debug] [2020-06-02T18:55:47.851Z] [runtime-status] [26602] Ephemeral server handling GET request {"metadata":{"emulator":{"name":"functions"},"function":{"name":"app"},"message":"[runtime-status] [26602] Ephemeral server handling GET request"}}
[debug] [2020-06-02T18:55:47.898Z] [runtime-status] [26602] Ephemeral server survived. {"metadata":{"emulator":{"name":"functions"},"function":{"name":"app"},"message":"[runtime-status] [26602] Ephemeral server survived."}}
[info] >  FirebaseAuthError: Firebase ID token has expired. Get a fresh ID token from your client app and try again (auth/id-token-expired). See https://firebase.google.com/docs/auth/admin/verify-id-tokens for details on how to retrieve an ID token. {"user":"FirebaseAuthError: Firebase ID token has expired. Get a fresh ID token from your client app and try again (auth/id-token-expired). See https://firebase.google.com/docs/auth/admin/verify-id-tokens for details on how to retrieve an ID token.","metadata":{"emulator":{"name":"functions"},"function":{"name":"app"},"message":"\u001b[90m> \u001b[39m FirebaseAuthError: Firebase ID token has expired. Get a fresh ID token from your client app and try again (auth/id-token-expired). See https://firebase.google.com/docs/auth/admin/verify-id-tokens for details on how to retrieve an ID token."}}
[info] >      at FirebaseAuthError.FirebaseError [as constructor] (/home/shivam97/nodeProjects/biobrix/bioc/functions/node_modules/firebase-admin/lib/utils/error.js:42:28) {"user":"    at FirebaseAuthError.FirebaseError [as constructor] (/home/shivam97/nodeProjects/biobrix/bioc/functions/node_modules/firebase-admin/lib/utils/error.js:42:28)","metadata":{"emulator":{"name":"functions"},"function":{"name":"app"},"message":"\u001b[90m> \u001b[39m     at FirebaseAuthError.FirebaseError [as constructor] (/home/shivam97/nodeProjects/biobrix/bioc/functions/node_modules/firebase-admin/lib/utils/error.js:42:28)"}}
[info] >      at FirebaseAuthError.PrefixedFirebaseError [as constructor] (/home/shivam97/nodeProjects/biobrix/bioc/functions/node_modules/firebase-admin/lib/utils/error.js:88:28) {"user":"    at FirebaseAuthError.PrefixedFirebaseError [as constructor] (/home/shivam97/nodeProjects/biobrix/bioc/functions/node_modules/firebase-admin/lib/utils/error.js:88:28)","metadata":{"emulator":{"name":"functions"},"function":{"name":"app"},"message":"\u001b[90m> \u001b[39m     at FirebaseAuthError.PrefixedFirebaseError [as constructor] (/home/shivam97/nodeProjects/biobrix/bioc/functions/node_modules/firebase-admin/lib/utils/error.js:88:28)"}}
[info] >      at new FirebaseAuthError (/home/shivam97/nodeProjects/biobrix/bioc/functions/node_modules/firebase-admin/lib/utils/error.js:147:16) {"user":"    at new FirebaseAuthError (/home/shivam97/nodeProjects/biobrix/bioc/functions/node_modules/firebase-admin/lib/utils/error.js:147:16)","metadata":{"emulator":{"name":"functions"},"function":{"name":"app"},"message":"\u001b[90m> \u001b[39m     at new FirebaseAuthError (/home/shivam97/nodeProjects/biobrix/bioc/functions/node_modules/firebase-admin/lib/utils/error.js:147:16)"}}
[info] >      at /home/shivam97/nodeProjects/biobrix/bioc/functions/node_modules/firebase-admin/lib/auth/token-verifier.js:199:39 {"user":"    at /home/shivam97/nodeProjects/biobrix/bioc/functions/node_modules/firebase-admin/lib/auth/token-verifier.js:199:39","metadata":{"emulator":{"name":"functions"},"function":{"name":"app"},"message":"\u001b[90m> \u001b[39m     at /home/shivam97/nodeProjects/biobrix/bioc/functions/node_modules/firebase-admin/lib/auth/token-verifier.js:199:39"}}
[info] >      at Object.module.exports [as verify] (/home/shivam97/nodeProjects/biobrix/bioc/functions/node_modules/jsonwebtoken/verify.js:126:14) {"user":"    at Object.module.exports [as verify] (/home/shivam97/nodeProjects/biobrix/bioc/functions/node_modules/jsonwebtoken/verify.js:126:14)","metadata":{"emulator":{"name":"functions"},"function":{"name":"app"},"message":"\u001b[90m> \u001b[39m     at Object.module.exports [as verify] (/home/shivam97/nodeProjects/biobrix/bioc/functions/node_modules/jsonwebtoken/verify.js:126:14)"}}
[info] >      at /home/shivam97/nodeProjects/biobrix/bioc/functions/node_modules/firebase-admin/lib/auth/token-verifier.js:191:17 {"user":"    at /home/shivam97/nodeProjects/biobrix/bioc/functions/node_modules/firebase-admin/lib/auth/token-verifier.js:191:17","metadata":{"emulator":{"name":"functions"},"function":{"name":"app"},"message":"\u001b[90m> \u001b[39m     at /home/shivam97/nodeProjects/biobrix/bioc/functions/node_modules/firebase-admin/lib/auth/token-verifier.js:191:17"}}
[info] >      at new Promise (<anonymous>) {"user":"    at new Promise (<anonymous>)","metadata":{"emulator":{"name":"functions"},"function":{"name":"app"},"message":"\u001b[90m> \u001b[39m     at new Promise (<anonymous>)"}}
[info] >      at FirebaseTokenVerifier.verifyJwtSignatureWithKey (/home/shivam97/nodeProjects/biobrix/bioc/functions/node_modules/firebase-admin/lib/auth/token-verifier.js:190:16) {"user":"    at FirebaseTokenVerifier.verifyJwtSignatureWithKey (/home/shivam97/nodeProjects/biobrix/bioc/functions/node_modules/firebase-admin/lib/auth/token-verifier.js:190:16)","metadata":{"emulator":{"name":"functions"},"function":{"name":"app"},"message":"\u001b[90m> \u001b[39m     at FirebaseTokenVerifier.verifyJwtSignatureWithKey (/home/shivam97/nodeProjects/biobrix/bioc/functions/node_modules/firebase-admin/lib/auth/token-verifier.js:190:16)"}}
[info] >      at /home/shivam97/nodeProjects/biobrix/bioc/functions/node_modules/firebase-admin/lib/auth/token-verifier.js:175:30 {"user":"    at /home/shivam97/nodeProjects/biobrix/bioc/functions/node_modules/firebase-admin/lib/auth/token-verifier.js:175:30","metadata":{"emulator":{"name":"functions"},"function":{"name":"app"},"message":"\u001b[90m> \u001b[39m     at /home/shivam97/nodeProjects/biobrix/bioc/functions/node_modules/firebase-admin/lib/auth/token-verifier.js:175:30"}}
[info] >      at processTicksAndRejections (internal/process/task_queues.js:97:5) {"user":"    at processTicksAndRejections (internal/process/task_queues.js:97:5)","metadata":{"emulator":{"name":"functions"},"function":{"name":"app"},"message":"\u001b[90m> \u001b[39m     at processTicksAndRejections (internal/process/task_queues.js:97:5)"}}
[info] >      at async auth (/home/shivam97/nodeProjects/biobrix/bioc/functions/middleware/auth.js:6:7) { {"user":"    at async auth (/home/shivam97/nodeProjects/biobrix/bioc/functions/middleware/auth.js:6:7) {","metadata":{"emulator":{"name":"functions"},"function":{"name":"app"},"message":"\u001b[90m> \u001b[39m     at async auth (/home/shivam97/nodeProjects/biobrix/bioc/functions/middleware/auth.js:6:7) {"}}
[info] >    errorInfo: { {"user":"  errorInfo: {","metadata":{"emulator":{"name":"functions"},"function":{"name":"app"},"message":"\u001b[90m> \u001b[39m   errorInfo: {"}}
[info] >      code: 'auth/id-token-expired', {"user":"    code: 'auth/id-token-expired',","metadata":{"emulator":{"name":"functions"},"function":{"name":"app"},"message":"\u001b[90m> \u001b[39m     code: 'auth/id-token-expired',"}}
[info] >      message: 'Firebase ID token has expired. Get a fresh ID token from your client app and try again (auth/id-token-expired). See https://firebase.google.com/docs/auth/admin/verify-id-tokens for details on how to retrieve an ID token.' {"user":"    message: 'Firebase ID token has expired. Get a fresh ID token from your client app and try again (auth/id-token-expired). See https://firebase.google.com/docs/auth/admin/verify-id-tokens for details on how to retrieve an ID token.'","metadata":{"emulator":{"name":"functions"},"function":{"name":"app"},"message":"\u001b[90m> \u001b[39m     message: 'Firebase ID token has expired. Get a fresh ID token from your client app and try again (auth/id-token-expired). See https://firebase.google.com/docs/auth/admin/verify-id-tokens for details on how to retrieve an ID token.'"}}
[info] >    }, {"user":"  },","metadata":{"emulator":{"name":"functions"},"function":{"name":"app"},"message":"\u001b[90m> \u001b[39m   },"}}
[info] >    codePrefix: 'auth' {"user":"  codePrefix: 'auth'","metadata":{"emulator":{"name":"functions"},"function":{"name":"app"},"message":"\u001b[90m> \u001b[39m   codePrefix: 'auth'"}}
[info] >  } {"user":"}","metadata":{"emulator":{"name":"functions"},"function":{"name":"app"},"message":"\u001b[90m> \u001b[39m }"}}
[info] i  functions: Finished "app" in ~1s {"metadata":{"emulator":{"name":"functions"},"function":{"name":"app"},"message":"Finished \"app\" in ~1s"}}
[debug] [2020-06-02T18:55:48.650Z] [worker-app-4b2297af-0120-4269-be36-bafd7b22c6c0]: IDLE {"metadata":{"emulator":{"name":"functions"},"message":"[worker-app-4b2297af-0120-4269-be36-bafd7b22c6c0]: IDLE"}}
[debug] [2020-06-02T18:55:48.651Z] [work-queue] {"queueLength":0,"workRunningCount":0}
[debug] [2020-06-02T19:04:42.731Z] [work-queue] {"queueLength":1,"workRunningCount":0}
[debug] [2020-06-02T19:04:42.732Z] [work-queue] {"queueLength":0,"workRunningCount":1}
[debug] [2020-06-02T19:04:42.732Z] Accepted request GET /ng-complete1/us-central1/app/homepage/get_homepage --> app
[debug] [2020-06-02T19:04:42.732Z] [worker-pool] submitWork(triggerId=app) {"metadata":{"emulator":{"name":"functions"},"message":"[worker-pool] submitWork(triggerId=app)"}}
[debug] [2020-06-02T19:04:42.732Z] [worker-app-4b2297af-0120-4269-be36-bafd7b22c6c0]: Assigning socketPath: /tmp/fire_emu_26602.sock {"metadata":{"emulator":{"name":"functions"},"message":"[worker-app-4b2297af-0120-4269-be36-bafd7b22c6c0]: Assigning socketPath: /tmp/fire_emu_26602.sock"}}
[debug] [2020-06-02T19:04:42.733Z] [worker-app-4b2297af-0120-4269-be36-bafd7b22c6c0]: BUSY {"metadata":{"emulator":{"name":"functions"},"message":"[worker-app-4b2297af-0120-4269-be36-bafd7b22c6c0]: BUSY"}}
[debug] [2020-06-02T19:04:42.734Z] [runtime-status] [26602] Trigger "app" has been found, beginning invocation! {"metadata":{"emulator":{"name":"functions"},"function":{"name":"app"},"message":"[runtime-status] [26602] Trigger \"app\" has been found, beginning invocation!"}}
[info] i  functions: Beginning execution of "app" {"metadata":{"emulator":{"name":"functions"},"function":{"name":"app"},"message":"Beginning execution of \"app\""}}
[debug] [2020-06-02T19:04:42.736Z] [runtime-status] [26602] triggerDefinition {"httpsTrigger":{},"name":"app","entryPoint":"app"} {"metadata":{"emulator":{"name":"functions"},"function":{"name":"app"},"message":"[runtime-status] [26602] triggerDefinition {\"httpsTrigger\":{},\"name\":\"app\",\"entryPoint\":\"app\"}"}}
[debug] [2020-06-02T19:04:42.736Z] [runtime-status] [26602] Running app in mode HTTPS {"metadata":{"emulator":{"name":"functions"},"function":{"name":"app"},"message":"[runtime-status] [26602] Running app in mode HTTPS"}}
[debug] [2020-06-02T19:04:42.736Z] [runtime-status] [26602] Attempting to listen to socketPath: /tmp/fire_emu_26602.sock {"metadata":{"emulator":{"name":"functions"},"function":{"name":"app"},"message":"[runtime-status] [26602] Attempting to listen to socketPath: /tmp/fire_emu_26602.sock"}}
[debug] [2020-06-02T19:04:42.742Z] [functions] Runtime ready! Sending request! {"metadata":{"emulator":{"name":"functions"},"message":"[functions] Runtime ready! Sending request!"}}
[debug] [2020-06-02T19:04:42.749Z] [runtime-status] [26602] Ephemeral server handling GET request {"metadata":{"emulator":{"name":"functions"},"function":{"name":"app"},"message":"[runtime-status] [26602] Ephemeral server handling GET request"}}
[debug] [2020-06-02T19:04:42.751Z] [runtime-status] [26602] Ephemeral server survived. {"metadata":{"emulator":{"name":"functions"},"function":{"name":"app"},"message":"[runtime-status] [26602] Ephemeral server survived."}}
[info] i  functions: Finished "app" in ~1s {"metadata":{"emulator":{"name":"functions"},"function":{"name":"app"},"message":"Finished \"app\" in ~1s"}}
[debug] [2020-06-02T19:04:42.961Z] [worker-app-4b2297af-0120-4269-be36-bafd7b22c6c0]: IDLE {"metadata":{"emulator":{"name":"functions"},"message":"[worker-app-4b2297af-0120-4269-be36-bafd7b22c6c0]: IDLE"}}
[debug] [2020-06-02T19:04:42.961Z] [work-queue] {"queueLength":0,"workRunningCount":0}
